#
# There is insufficient memory for the Java Runtime Environment to continue.
# Native memory allocation (malloc) failed to allocate 1048576 bytes for AllocateHeap
# Possible reasons:
#   The system is out of physical RAM or swap space
#   The process is running with CompressedOops enabled, and the Java Heap may be blocking the growth of the native heap
# Possible solutions:
#   Reduce memory load on the system
#   Increase physical memory or swap space
#   Check if swap backing store is full
#   Decrease Java heap size (-Xmx/-Xms)
#   Decrease number of Java threads
#   Decrease Java thread stack sizes (-Xss)
#   Set larger code cache with -XX:ReservedCodeCacheSize=
#   JVM is running with Unscaled Compressed Oops mode in which the Java heap is
#     placed in the first 4GB address space. The Java Heap base address is the
#     maximum limit for the native heap growth. Please use -XX:HeapBaseMinAddress
#     to set the Java Heap base and to place the Java Heap above 4GB virtual address.
# This output file may be truncated or incomplete.
#
#  Out of Memory Error (./open/src/hotspot/share/memory/allocation.cpp:44), pid=17212, tid=14668
#
# JRE version:  (15.0.2+7) (build )
# Java VM: OpenJDK 64-Bit Server VM (15.0.2+7-27, mixed mode, sharing, tiered, compressed oops, g1 gc, windows-amd64)
# No core dump will be written. Minidumps are not enabled by default on client versions of Windows
#

---------------  S U M M A R Y ------------

Command Line: -Dcom.sun.management.jmxremote -Dcom.sun.management.jmxremote.port=62179 -Dcom.sun.management.jmxremote.authenticate=false -Dcom.sun.management.jmxremote.ssl=false -Djava.rmi.server.hostname=localhost -Dspring.jmx.enabled=true -Dspring.application.admin.enabled=true -XX:TieredStopAtLevel=1 -Dspring.boot.project.name=Assignment_Java6 -Dfile.encoding=UTF-8 -XX:+ShowCodeDetailsInExceptionMessages poly.sof306.AssignmentJava6Application --spring.output.ansi.enabled=always

Host: Intel(R) Core(TM) i5-8265U CPU @ 1.60GHz, 8 cores, 7G,  Windows 10 , 64 bit Build 19041 (10.0.19041.1023)
Time: Sat Jul 31 21:30:13 2021 SE Asia Standard Time elapsed time: 0.035134 seconds (0d 0h 0m 0s)

---------------  T H R E A D  ---------------

Current thread (0x00000256f51ae520):  JavaThread "Unknown thread" [_thread_in_vm, id=14668, stack(0x00000086bcf00000,0x00000086bd000000)]

Stack: [0x00000086bcf00000,0x00000086bd000000]
Native frames: (J=compiled Java code, j=interpreted, Vv=VM code, C=native code)
V  [jvm.dll+0x62ae9a]
V  [jvm.dll+0x7817a9]
V  [jvm.dll+0x782f03]
V  [jvm.dll+0x783563]
V  [jvm.dll+0x216325]
V  [jvm.dll+0x8ebb2]
V  [jvm.dll+0x2a2604]
V  [jvm.dll+0x75e20c]
V  [jvm.dll+0x3341c4]
V  [jvm.dll+0x73e926]
V  [jvm.dll+0x3b7557]
V  [jvm.dll+0x3b8fe1]
C  [jli.dll+0x52fb]
C  [ucrtbase.dll+0x21bb2]
C  [KERNEL32.DLL+0x17034]
C  [ntdll.dll+0x52651]


---------------  P R O C E S S  ---------------

Threads class SMR info:
_java_thread_list=0x00007ff8cdc04ff0, length=0, elements={
}

Java Threads: ( => current thread )

Other Threads:

=>0x00000256f51ae520 (exited) JavaThread "Unknown thread" [_thread_in_vm, id=14668, stack(0x00000086bcf00000,0x00000086bd000000)]

Threads with active compile tasks:

VM state: not at safepoint (not fully initialized)

VM Mutex/Monitor currently owned by a thread: None

Heap address: 0x0000000000000000, size: 0 MB, Compressed Oops mode: 32-bit
CDS archive(s) mapped at: [0x0000000000000000-0x0000000000000000-0x0000000000000000), size 0, SharedBaseAddress: 0x0000000800000000, ArchiveRelocationMode: 0.
Narrow klass base: 0x0000000000000000, Narrow klass shift: 0, Narrow klass range: 0x0

GC Heap History (0 events):
No events

Deoptimization events (0 events):
No events

Classes unloaded (0 events):
No events

Classes redefined (0 events):
No events

Internal exceptions (0 events):
No events

Events (1 events):
Event: 0.022 Loaded shared library D:\Java5\tool\sts-4.10.0.RELEASE\plugins\org.eclipse.justj.openjdk.hotspot.jre.full.win32.x86_64_15.0.2.v20210201-0955\jre\bin\java.dll


Dynamic libraries:
0x00007ff6910e0000 - 0x00007ff6910ed000 	D:\Java5\tool\sts-4.10.0.RELEASE\plugins\org.eclipse.justj.openjdk.hotspot.jre.full.win32.x86_64_15.0.2.v20210201-0955\jre\bin\javaw.exe
0x00007ff8f50f0000 - 0x00007ff8f52e5000 	C:\WINDOWS\SYSTEM32\ntdll.dll
0x00007ff8f3300000 - 0x00007ff8f33bd000 	C:\WINDOWS\System32\KERNEL32.DLL
0x00007ff8f2c00000 - 0x00007ff8f2ec9000 	C:\WINDOWS\System32\KERNELBASE.dll
0x00007ff8f2830000 - 0x00007ff8f2930000 	C:\WINDOWS\System32\ucrtbase.dll
0x00007ff8ec820000 - 0x00007ff8ec839000 	D:\Java5\tool\sts-4.10.0.RELEASE\plugins\org.eclipse.justj.openjdk.hotspot.jre.full.win32.x86_64_15.0.2.v20210201-0955\jre\bin\VCRUNTIME140.dll
0x00007ff8e9a80000 - 0x00007ff8e9a98000 	D:\Java5\tool\sts-4.10.0.RELEASE\plugins\org.eclipse.justj.openjdk.hotspot.jre.full.win32.x86_64_15.0.2.v20210201-0955\jre\bin\jli.dll
0x00007ff8f3660000 - 0x00007ff8f3800000 	C:\WINDOWS\System32\USER32.dll
0x00007ff8d5f40000 - 0x00007ff8d61da000 	C:\WINDOWS\WinSxS\amd64_microsoft.windows.common-controls_6595b64144ccf1df_6.0.19041.1110_none_60b5254171f9507e\COMCTL32.dll
0x00007ff8f2f90000 - 0x00007ff8f2fb2000 	C:\WINDOWS\System32\win32u.dll
0x00007ff8f3800000 - 0x00007ff8f389e000 	C:\WINDOWS\System32\msvcrt.dll
0x00007ff8f3d10000 - 0x00007ff8f3d3a000 	C:\WINDOWS\System32\GDI32.dll
0x00007ff8f2930000 - 0x00007ff8f2a3b000 	C:\WINDOWS\System32\gdi32full.dll
0x00007ff8f3070000 - 0x00007ff8f310d000 	C:\WINDOWS\System32\msvcp_win.dll
0x00007ff8f3e80000 - 0x00007ff8f3eb0000 	C:\WINDOWS\System32\IMM32.DLL
0x00007ff8ed950000 - 0x00007ff8ed95c000 	D:\Java5\tool\sts-4.10.0.RELEASE\plugins\org.eclipse.justj.openjdk.hotspot.jre.full.win32.x86_64_15.0.2.v20210201-0955\jre\bin\vcruntime140_1.dll
0x00007ff8d8ef0000 - 0x00007ff8d8f81000 	D:\Java5\tool\sts-4.10.0.RELEASE\plugins\org.eclipse.justj.openjdk.hotspot.jre.full.win32.x86_64_15.0.2.v20210201-0955\jre\bin\msvcp140.dll
0x00007ff8cd140000 - 0x00007ff8cdc9e000 	D:\Java5\tool\sts-4.10.0.RELEASE\plugins\org.eclipse.justj.openjdk.hotspot.jre.full.win32.x86_64_15.0.2.v20210201-0955\jre\bin\server\jvm.dll
0x00007ff8f44a0000 - 0x00007ff8f454c000 	C:\WINDOWS\System32\ADVAPI32.dll
0x00007ff8f3470000 - 0x00007ff8f350b000 	C:\WINDOWS\System32\sechost.dll
0x00007ff8f3d40000 - 0x00007ff8f3e6a000 	C:\WINDOWS\System32\RPCRT4.dll
0x00007ff8f3160000 - 0x00007ff8f3168000 	C:\WINDOWS\System32\PSAPI.DLL
0x00007ff8ed410000 - 0x00007ff8ed419000 	C:\WINDOWS\SYSTEM32\WSOCK32.dll
0x00007ff8d85b0000 - 0x00007ff8d85d7000 	C:\WINDOWS\SYSTEM32\WINMM.dll
0x00007ff8f4550000 - 0x00007ff8f45bb000 	C:\WINDOWS\System32\WS2_32.dll
0x00007ff8eb560000 - 0x00007ff8eb56a000 	C:\WINDOWS\SYSTEM32\VERSION.dll
0x00007ff8f0760000 - 0x00007ff8f0772000 	C:\WINDOWS\SYSTEM32\kernel.appcore.dll
0x00007ff8ec7f0000 - 0x00007ff8ec7fa000 	D:\Java5\tool\sts-4.10.0.RELEASE\plugins\org.eclipse.justj.openjdk.hotspot.jre.full.win32.x86_64_15.0.2.v20210201-0955\jre\bin\jimage.dll
0x00007ff8da270000 - 0x00007ff8da454000 	C:\WINDOWS\SYSTEM32\DBGHELP.DLL
0x00007ff8d76f0000 - 0x00007ff8d771c000 	C:\WINDOWS\SYSTEM32\dbgcore.DLL
0x00007ff8f2f00000 - 0x00007ff8f2f83000 	C:\WINDOWS\System32\bcryptPrimitives.dll
0x00007ff8e1540000 - 0x00007ff8e1565000 	D:\Java5\tool\sts-4.10.0.RELEASE\plugins\org.eclipse.justj.openjdk.hotspot.jre.full.win32.x86_64_15.0.2.v20210201-0955\jre\bin\java.dll

dbghelp: loaded successfully - version: 4.0.5 - missing functions: none
symbol engine: initialized successfully - sym options: 0x614 - pdb path: .;D:\Java5\tool\sts-4.10.0.RELEASE\plugins\org.eclipse.justj.openjdk.hotspot.jre.full.win32.x86_64_15.0.2.v20210201-0955\jre\bin;C:\WINDOWS\SYSTEM32;C:\WINDOWS\WinSxS\amd64_microsoft.windows.common-controls_6595b64144ccf1df_6.0.19041.1110_none_60b5254171f9507e;D:\Java5\tool\sts-4.10.0.RELEASE\plugins\org.eclipse.justj.openjdk.hotspot.jre.full.win32.x86_64_15.0.2.v20210201-0955\jre\bin\server

VM Arguments:
jvm_args: -Dcom.sun.management.jmxremote -Dcom.sun.management.jmxremote.port=62179 -Dcom.sun.management.jmxremote.authenticate=false -Dcom.sun.management.jmxremote.ssl=false -Djava.rmi.server.hostname=localhost -Dspring.jmx.enabled=true -Dspring.application.admin.enabled=true -XX:TieredStopAtLevel=1 -Dspring.boot.project.name=Assignment_Java6 -Dfile.encoding=UTF-8 -XX:+ShowCodeDetailsInExceptionMessages 
java_command: poly.sof306.AssignmentJava6Application --spring.output.ansi.enabled=always
java_class_path (initial): D:\Java5\practice\Assignment_Java6\target\classes;C:\Users\hoang\.m2\repository\org\springframework\boot\spring-boot-starter-data-jpa\2.5.3\spring-boot-starter-data-jpa-2.5.3.jar;C:\Users\hoang\.m2\repository\org\springframework\boot\spring-boot-starter-aop\2.5.3\spring-boot-starter-aop-2.5.3.jar;C:\Users\hoang\.m2\repository\org\springframework\spring-aop\5.3.9\spring-aop-5.3.9.jar;C:\Users\hoang\.m2\repository\org\aspectj\aspectjweaver\1.9.7\aspectjweaver-1.9.7.jar;C:\Users\hoang\.m2\repository\org\springframework\boot\spring-boot-starter-jdbc\2.5.3\spring-boot-starter-jdbc-2.5.3.jar;C:\Users\hoang\.m2\repository\com\zaxxer\HikariCP\4.0.3\HikariCP-4.0.3.jar;C:\Users\hoang\.m2\repository\org\springframework\spring-jdbc\5.3.9\spring-jdbc-5.3.9.jar;C:\Users\hoang\.m2\repository\jakarta\transaction\jakarta.transaction-api\1.3.3\jakarta.transaction-api-1.3.3.jar;C:\Users\hoang\.m2\repository\jakarta\persistence\jakarta.persistence-api\2.2.3\jakarta.persistence-api-2.2.3.jar;C:\Users\hoang\.m2\repository\org\hibernate\hibernate-core\5.4.32.Final\hibernate-core-5.4.32.Final.jar;C:\Users\hoang\.m2\repository\org\jboss\logging\jboss-logging\3.4.2.Final\jboss-logging-3.4.2.Final.jar;C:\Users\hoang\.m2\repository\org\javassist\javassist\3.27.0-GA\javassist-3.27.0-GA.jar;C:\Users\hoang\.m2\repository\net\bytebuddy\byte-buddy\1.10.22\byte-buddy-1.10.22.jar;C:\Users\hoang\.m2\repository\antlr\antlr\2.7.7\antlr-2.7.7.jar;C:\Users\hoang\.m2\repository\org\jboss\jandex\2.2.3.Final\jandex-2.2.3.Final.jar;C:\Users\hoang\.m2\repository\com\fasterxml\classmate\1.5.1\classmate-1.5.1.jar;C:\Users\hoang\.m2\repository\org\dom4j\dom4j\2.1.3\dom4j-2.1.3.jar;C:\Users\hoang\.m2\repository\org\hibernate\common\hibernate-commons-annotations\5.1.2.Final\hibernate-commons-annotations-5.1.2.Final.jar;C:\Users\hoang\.m2\repository\org\glassfish\jaxb\jaxb-runtime\2.3.4\jaxb-runtime-2.3.4.jar;C:\Users\hoang\.m2\repository\org\glassfish\jaxb\txw2\2.3.4\txw2-2.3.4.jar;C:\U
Launcher Type: SUN_STANDARD

[Global flags]
     intx CICompilerCount                          = 4                                         {product} {ergonomic}
     uint ConcGCThreads                            = 2                                         {product} {ergonomic}
     uint G1ConcRefinementThreads                  = 8                                         {product} {ergonomic}
   size_t G1HeapRegionSize                         = 1048576                                   {product} {ergonomic}
    uintx GCDrainStackTargetSize                   = 64                                        {product} {ergonomic}
   size_t InitialHeapSize                          = 132120576                                 {product} {ergonomic}
     bool ManagementServer                         = true                                      {product} {command line}
   size_t MarkStackSize                            = 4194304                                   {product} {ergonomic}
   size_t MaxHeapSize                              = 2109734912                                {product} {ergonomic}
   size_t MinHeapDeltaBytes                        = 1048576                                   {product} {ergonomic}
   size_t MinHeapSize                              = 8388608                                   {product} {ergonomic}
    uintx NonNMethodCodeHeapSize                   = 7549744                                {pd product} {ergonomic}
    uintx NonProfiledCodeHeapSize                  = 244108496                              {pd product} {ergonomic}
    uintx ProfiledCodeHeapSize                     = 0                                      {pd product} {ergonomic}
    uintx ReservedCodeCacheSize                    = 251658240                              {pd product} {ergonomic}
     bool SegmentedCodeCache                       = true                                      {product} {ergonomic}
     bool ShowCodeDetailsInExceptionMessages       = true                                   {manageable} {command line}
   size_t SoftMaxHeapSize                          = 2109734912                             {manageable} {ergonomic}
     intx TieredStopAtLevel                        = 1                                         {product} {command line}
     bool UseCompressedClassPointers               = true                                 {lp64_product} {ergonomic}
     bool UseCompressedOops                        = true                                 {lp64_product} {ergonomic}
     bool UseG1GC                                  = true                                      {product} {ergonomic}
     bool UseLargePagesIndividualAllocation        = false                                  {pd product} {ergonomic}

Logging:
Log output configuration:
 #0: stdout all=warning uptime,level,tags
 #1: stderr all=off uptime,level,tags

Environment Variables:
PATH=D:/Java5/tool/sts-4.10.0.RELEASE//plugins/org.eclipse.justj.openjdk.hotspot.jre.full.win32.x86_64_15.0.2.v20210201-0955/jre/bin/server;D:/Java5/tool/sts-4.10.0.RELEASE//plugins/org.eclipse.justj.openjdk.hotspot.jre.full.win32.x86_64_15.0.2.v20210201-0955/jre/bin;C:\ProgramData\Oracle\Java\javapath;C:\Windows\system32;C:\Windows;C:\Windows\System32\Wbem;C:\Windows\System32\WindowsPowerShell\v1.0\;C:\Windows\System32\OpenSSH\;C:\Program Files (x86)\NVIDIA Corporation\PhysX\Common;C:\Program Files\Intel\WiFi\bin\;C:\Program Files\Common Files\Intel\WirelessCommon\;C:\Program Files\Microsoft SQL Server\110\Tools\Binn\;C:\Program Files (x86)\Microsoft SQL Server\110\Tools\Binn\;C:\Program Files\Microsoft SQL Server\110\DTS\Binn\;C:\Program Files\Microsoft SQL Server\120\Tools\Binn\;C:\Program Files\Microsoft SQL Server\Client SDK\ODBC\110\Tools\Binn\;C:\Program Files (x86)\Microsoft SQL Server\120\Tools\Binn\;C:\Program Files\Microsoft SQL Server\120\DTS\Binn\;C:\Program Files\Git\cmd;C:\WINDOWS\system32;C:\WINDOWS;C:\WINDOWS\System32\Wbem;C:\WINDOWS\System32\WindowsPowerShell\v1.0\;C:\WINDOWS\System32\OpenSSH\;C:\Program Files\Azure Data Studio\bin;C:\Program Files (x86)\Microsoft SQL Server\120\Tools\Binn\ManagementStudio\;C:\Program Files (x86)\Microsoft SQL Server\120\DTS\Binn\;C:\Program Files\Microsoft SQL Server\Client SDK\ODBC\170\Tools\Binn\;C:\Program Files (x86)\Microsoft SQL Server\150\DTS\Binn\;C:\Program Files\nodejs\;C:\Users\hoang\AppData\Local\Microsoft\WindowsApps;;C:\Program Files\JetBrains\IntelliJ IDEA Community Edition 2019.3\bin;;C:\Users\hoang\AppData\Local\Programs\Microsoft VS Code\bin;C:\Program Files\JetBrains\IntelliJ IDEA 2019.3.3\bin;;C:\Program Files\Azure Data Studio\bin;C:\Users\hoang\AppData\Roaming\npm;D:\Java5\tool\sts-4.10.0.RELEASE;
USERNAME=hoang
OS=Windows_NT
PROCESSOR_IDENTIFIER=Intel64 Family 6 Model 142 Stepping 12, GenuineIntel



---------------  S Y S T E M  ---------------

OS:
 Windows 10 , 64 bit Build 19041 (10.0.19041.1023)
OS uptime: 3 days 4:21 hours

CPU: total 8 (initial active 8) (4 cores per cpu, 2 threads per core) family 6 model 142 stepping 12 microcode 0xde, cmov, cx8, fxsr, mmx, sse, sse2, sse3, ssse3, sse4.1, sse4.2, popcnt, vzeroupper, avx, avx2, aes, clmul, erms, 3dnowpref, lzcnt, ht, tsc, tscinvbit, bmi1, bmi2, adx, fma, clflush, clflushopt

Memory: 4k page, system-wide physical 8043M (571M free)
TotalPageFile size 16235M (AvailPageFile size 5M)
current process WorkingSet (physical memory assigned to process): 9M, peak: 9M
current process commit charge ("private bytes"): 8M, peak: 9M

vm_info: OpenJDK 64-Bit Server VM (15.0.2+7-27) for windows-amd64 JRE (15.0.2+7-27), built on Dec  7 2020 20:02:38 by "mach5one" with unknown MS VC++:1925

END.
